[03-May-2021 14:35:59 Asia/Ho_Chi_Minh] PHP Parse error:  syntax error, unexpected 'define' (T_STRING) in /var/www/sandbox_cpanel/index.php on line 58
[03-May-2021 14:35:59 Asia/Ho_Chi_Minh] PHP Parse error:  syntax error, unexpected 'define' (T_STRING) in /var/www/sandbox_cpanel/index.php on line 58
[07-May-2021 11:32:20 Asia/Ho_Chi_Minh] PHP Fatal error:  'continue' not in the 'loop' or 'switch' context in /var/www/sandbox_cpanel/application/controllers/Transaction.php on line 1080
[07-May-2021 11:32:21 Asia/Ho_Chi_Minh] PHP Fatal error:  'continue' not in the 'loop' or 'switch' context in /var/www/sandbox_cpanel/application/controllers/Transaction.php on line 1080
[07-May-2021 11:32:22 Asia/Ho_Chi_Minh] PHP Fatal error:  'continue' not in the 'loop' or 'switch' context in /var/www/sandbox_cpanel/application/controllers/Transaction.php on line 1080
[12-May-2021 09:44:29 Asia/Ho_Chi_Minh] PHP Fatal error:  Allowed memory size of 134217728 bytes exhausted (tried to allocate 20480 bytes) in /var/www/sandbox_api/application/vendor/mongodb/mongodb/src/Model/BSONDocument.php on line 95
[13-May-2021 10:00:14 Asia/Ho_Chi_Minh] PHP Fatal error:  Uncaught Error: Call to a member function item() on null in /var/www/sandbox_api/application/libraries/REST_Controller.php:592
Stack trace:
#0 [internal function]: Restserver\Libraries\REST_Controller->__destruct()
#1 {main}
  thrown in /var/www/sandbox_api/application/libraries/REST_Controller.php on line 592
[17-May-2021 11:08:12 Asia/Ho_Chi_Minh] PHP Warning:  require_once(application/vendor/autoload.php): failed to open stream: No such file or directory in /var/www/sandbox_cpanel/application/controllers/cron/Selenium.php on line 9
[17-May-2021 11:08:12 Asia/Ho_Chi_Minh] PHP Fatal error:  require_once(): Failed opening required 'application/vendor/autoload.php' (include_path='.:/usr/local/lib/php') in /var/www/sandbox_cpanel/application/controllers/cron/Selenium.php on line 9
[17-May-2021 11:08:34 Asia/Ho_Chi_Minh] PHP Warning:  require_once(../../application/vendor/autoload.php): failed to open stream: No such file or directory in /var/www/sandbox_cpanel/application/controllers/cron/Selenium.php on line 9
[17-May-2021 11:08:34 Asia/Ho_Chi_Minh] PHP Fatal error:  require_once(): Failed opening required '../../application/vendor/autoload.php' (include_path='.:/usr/local/lib/php') in /var/www/sandbox_cpanel/application/controllers/cron/Selenium.php on line 9
[17-May-2021 11:09:15 Asia/Ho_Chi_Minh] PHP Fatal error:  Uncaught Error: Class 'Facebook\WebDriver\Remote\DesiredCapabilities' not found in /var/www/sandbox_cpanel/application/controllers/cron/Selenium.php:14
Stack trace:
#0 {main}
  thrown in /var/www/sandbox_cpanel/application/controllers/cron/Selenium.php on line 14
[17-May-2021 11:09:20 Asia/Ho_Chi_Minh] PHP Fatal error:  Uncaught Error: Class 'Facebook\WebDriver\Remote\DesiredCapabilities' not found in /var/www/sandbox_cpanel/application/controllers/cron/Selenium.php:14
Stack trace:
#0 {main}
  thrown in /var/www/sandbox_cpanel/application/controllers/cron/Selenium.php on line 14
[17-May-2021 11:11:41 Asia/Ho_Chi_Minh] PHP Warning:  require_once(../../vendor/autoload.php): failed to open stream: No such file or directory in /var/www/sandbox_cpanel/application/controllers/cron/Selenium.php on line 9
[17-May-2021 11:11:41 Asia/Ho_Chi_Minh] PHP Fatal error:  require_once(): Failed opening required '../../vendor/autoload.php' (include_path='.:/usr/local/lib/php') in /var/www/sandbox_cpanel/application/controllers/cron/Selenium.php on line 9
[17-May-2021 11:12:06 Asia/Ho_Chi_Minh] PHP Warning:  require_once(application/vendor/autoload.php): failed to open stream: No such file or directory in /var/www/sandbox_cpanel/application/controllers/cron/Selenium.php on line 9
[17-May-2021 11:12:06 Asia/Ho_Chi_Minh] PHP Fatal error:  require_once(): Failed opening required 'application/vendor/autoload.php' (include_path='.:/usr/local/lib/php') in /var/www/sandbox_cpanel/application/controllers/cron/Selenium.php on line 9
[17-May-2021 11:12:17 Asia/Ho_Chi_Minh] PHP Fatal error:  Uncaught Error: Class 'WebDriverBy' not found in /var/www/sandbox_cpanel/application/controllers/cron/Selenium.php:22
Stack trace:
#0 {main}
  thrown in /var/www/sandbox_cpanel/application/controllers/cron/Selenium.php on line 22
[17-May-2021 11:16:31 Asia/Ho_Chi_Minh] PHP Fatal error:  Uncaught Error: Class 'Cookie' not found in /var/www/sandbox_cpanel/application/controllers/cron/Selenium.php:66
Stack trace:
#0 {main}
  thrown in /var/www/sandbox_cpanel/application/controllers/cron/Selenium.php on line 66
[17-May-2021 11:32:13 Asia/Ho_Chi_Minh] PHP Fatal error:  Uncaught Facebook\WebDriver\Exception\TimeoutException in /var/www/sandbox_cpanel/application/vendor/php-webdriver/webdriver/lib/WebDriverWait.php:71
Stack trace:
#0 /var/www/sandbox_cpanel/application/controllers/cron/SeleniumTech.php(30): Facebook\WebDriver\WebDriverWait->until(Object(Facebook\WebDriver\WebDriverExpectedCondition))
#1 {main}
  thrown in /var/www/sandbox_cpanel/application/vendor/php-webdriver/webdriver/lib/WebDriverWait.php on line 71
[17-May-2021 14:18:32 Asia/Ho_Chi_Minh] PHP Fatal error:  Uncaught Facebook\WebDriver\Exception\TimeoutException in /var/www/sandbox_cpanel/application/vendor/php-webdriver/webdriver/lib/WebDriverWait.php:71
Stack trace:
#0 /var/www/sandbox_cpanel/application/controllers/cron/SeleniumTech.php(32): Facebook\WebDriver\WebDriverWait->until(Object(Facebook\WebDriver\WebDriverExpectedCondition))
#1 {main}
  thrown in /var/www/sandbox_cpanel/application/vendor/php-webdriver/webdriver/lib/WebDriverWait.php on line 71
[18-May-2021 09:20:20 Asia/Ho_Chi_Minh] PHP Fatal error:  require_once(): Failed opening required 'vendor/autoload.php' (include_path='.:/usr/local/lib/php') in /var/www/sandbox_cpanel/application/controllers/cron/SeleniumTech.php on line 12
[20-May-2021 11:30:11 Asia/Ho_Chi_Minh] PHP Fatal error:  Uncaught Error: Call to a member function item() on null in /var/www/sandbox_api/application/libraries/REST_Controller.php:592
Stack trace:
#0 [internal function]: Restserver\Libraries\REST_Controller->__destruct()
#1 {main}
  thrown in /var/www/sandbox_api/application/libraries/REST_Controller.php on line 592
[20-May-2021 11:30:21 Asia/Ho_Chi_Minh] PHP Fatal error:  Uncaught Error: Call to a member function item() on null in /var/www/sandbox_api/application/libraries/REST_Controller.php:592
Stack trace:
#0 [internal function]: Restserver\Libraries\REST_Controller->__destruct()
#1 {main}
  thrown in /var/www/sandbox_api/application/libraries/REST_Controller.php on line 592
[24-May-2021 03:42:50 UTC] PHP Fatal error:  Uncaught Error: Call to undefined method App\Exceptions\Handler::handleApiException() in /var/www/sandbox_invest/app/Exceptions/Handler.php:53
Stack trace:
#0 /var/www/sandbox_invest/vendor/laravel/framework/src/Illuminate/Foundation/Bootstrap/HandleExceptions.php(119): App\Exceptions\Handler->render(Object(Illuminate\Http\Request), Object(Error))
#1 /var/www/sandbox_invest/vendor/laravel/framework/src/Illuminate/Foundation/Bootstrap/HandleExceptions.php(96): Illuminate\Foundation\Bootstrap\HandleExceptions->renderHttpResponse(Object(Error))
#2 [internal function]: Illuminate\Foundation\Bootstrap\HandleExceptions->handleException(Object(Error))
#3 {main}
  thrown in /var/www/sandbox_invest/app/Exceptions/Handler.php on line 53
[24-May-2021 03:42:50 UTC] PHP Fatal error:  Uncaught Error: Call to undefined method App\Exceptions\Handler::handleApiException() in /var/www/sandbox_invest/app/Exceptions/Handler.php:53
Stack trace:
#0 /var/www/sandbox_invest/vendor/laravel/framework/src/Illuminate/Foundation/Bootstrap/HandleExceptions.php(119): App\Exceptions\Handler->render(Object(Illuminate\Http\Request), Object(Symfony\Component\ErrorHandler\Error\FatalError))
#1 /var/www/sandbox_invest/vendor/laravel/framework/src/Illuminate/Foundation/Bootstrap/HandleExceptions.php(96): Illuminate\Foundation\Bootstrap\HandleExceptions->renderHttpResponse(Object(Symfony\Component\ErrorHandler\Error\FatalError))
#2 /var/www/sandbox_invest/vendor/laravel/framework/src/Illuminate/Foundation/Bootstrap/HandleExceptions.php(130): Illuminate\Foundation\Bootstrap\HandleExceptions->handleException(Object(Symfony\Component\ErrorHandler\Error\FatalError))
#3 [internal function]: Illuminate\Foundation\Bootstrap\HandleExceptions->handleShutdown()
#4 {main}
  thrown in /var/www/sandbox_invest/app/Exceptions/Handler.php on line 53
[24-May-2021 03:47:57 UTC] PHP Fatal error:  Uncaught Error: Call to undefined method App\Exceptions\Handler::handleApiException() in /var/www/sandbox_invest/app/Exceptions/Handler.php:53
Stack trace:
#0 /var/www/sandbox_invest/vendor/laravel/framework/src/Illuminate/Foundation/Bootstrap/HandleExceptions.php(119): App\Exceptions\Handler->render(Object(Illuminate\Http\Request), Object(Error))
#1 /var/www/sandbox_invest/vendor/laravel/framework/src/Illuminate/Foundation/Bootstrap/HandleExceptions.php(96): Illuminate\Foundation\Bootstrap\HandleExceptions->renderHttpResponse(Object(Error))
#2 [internal function]: Illuminate\Foundation\Bootstrap\HandleExceptions->handleException(Object(Error))
#3 {main}
  thrown in /var/www/sandbox_invest/app/Exceptions/Handler.php on line 53
[24-May-2021 03:47:57 UTC] PHP Fatal error:  Uncaught Error: Call to undefined method App\Exceptions\Handler::handleApiException() in /var/www/sandbox_invest/app/Exceptions/Handler.php:53
Stack trace:
#0 /var/www/sandbox_invest/vendor/laravel/framework/src/Illuminate/Foundation/Bootstrap/HandleExceptions.php(119): App\Exceptions\Handler->render(Object(Illuminate\Http\Request), Object(Symfony\Component\ErrorHandler\Error\FatalError))
#1 /var/www/sandbox_invest/vendor/laravel/framework/src/Illuminate/Foundation/Bootstrap/HandleExceptions.php(96): Illuminate\Foundation\Bootstrap\HandleExceptions->renderHttpResponse(Object(Symfony\Component\ErrorHandler\Error\FatalError))
#2 /var/www/sandbox_invest/vendor/laravel/framework/src/Illuminate/Foundation/Bootstrap/HandleExceptions.php(130): Illuminate\Foundation\Bootstrap\HandleExceptions->handleException(Object(Symfony\Component\ErrorHandler\Error\FatalError))
#3 [internal function]: Illuminate\Foundation\Bootstrap\HandleExceptions->handleShutdown()
#4 {main}
  thrown in /var/www/sandbox_invest/app/Exceptions/Handler.php on line 53
[24-May-2021 03:48:03 UTC] PHP Fatal error:  Uncaught Error: Call to undefined method App\Exceptions\Handler::handleApiException() in /var/www/sandbox_invest/app/Exceptions/Handler.php:53
Stack trace:
#0 /var/www/sandbox_invest/vendor/laravel/framework/src/Illuminate/Foundation/Bootstrap/HandleExceptions.php(119): App\Exceptions\Handler->render(Object(Illuminate\Http\Request), Object(Error))
#1 /var/www/sandbox_invest/vendor/laravel/framework/src/Illuminate/Foundation/Bootstrap/HandleExceptions.php(96): Illuminate\Foundation\Bootstrap\HandleExceptions->renderHttpResponse(Object(Error))
#2 [internal function]: Illuminate\Foundation\Bootstrap\HandleExceptions->handleException(Object(Error))
#3 {main}
  thrown in /var/www/sandbox_invest/app/Exceptions/Handler.php on line 53
[24-May-2021 03:48:03 UTC] PHP Fatal error:  Uncaught Error: Call to undefined method App\Exceptions\Handler::handleApiException() in /var/www/sandbox_invest/app/Exceptions/Handler.php:53
Stack trace:
#0 /var/www/sandbox_invest/vendor/laravel/framework/src/Illuminate/Foundation/Bootstrap/HandleExceptions.php(119): App\Exceptions\Handler->render(Object(Illuminate\Http\Request), Object(Symfony\Component\ErrorHandler\Error\FatalError))
#1 /var/www/sandbox_invest/vendor/laravel/framework/src/Illuminate/Foundation/Bootstrap/HandleExceptions.php(96): Illuminate\Foundation\Bootstrap\HandleExceptions->renderHttpResponse(Object(Symfony\Component\ErrorHandler\Error\FatalError))
#2 /var/www/sandbox_invest/vendor/laravel/framework/src/Illuminate/Foundation/Bootstrap/HandleExceptions.php(130): Illuminate\Foundation\Bootstrap\HandleExceptions->handleException(Object(Symfony\Component\ErrorHandler\Error\FatalError))
#3 [internal function]: Illuminate\Foundation\Bootstrap\HandleExceptions->handleShutdown()
#4 {main}
  thrown in /var/www/sandbox_invest/app/Exceptions/Handler.php on line 53
[24-May-2021 03:48:12 UTC] PHP Fatal error:  Uncaught Error: Call to undefined method App\Exceptions\Handler::handleApiException() in /var/www/sandbox_invest/app/Exceptions/Handler.php:53
Stack trace:
#0 /var/www/sandbox_invest/vendor/laravel/framework/src/Illuminate/Foundation/Bootstrap/HandleExceptions.php(119): App\Exceptions\Handler->render(Object(Illuminate\Http\Request), Object(Error))
#1 /var/www/sandbox_invest/vendor/laravel/framework/src/Illuminate/Foundation/Bootstrap/HandleExceptions.php(96): Illuminate\Foundation\Bootstrap\HandleExceptions->renderHttpResponse(Object(Error))
#2 [internal function]: Illuminate\Foundation\Bootstrap\HandleExceptions->handleException(Object(Error))
#3 {main}
  thrown in /var/www/sandbox_invest/app/Exceptions/Handler.php on line 53
[24-May-2021 03:48:12 UTC] PHP Fatal error:  Uncaught Error: Call to undefined method App\Exceptions\Handler::handleApiException() in /var/www/sandbox_invest/app/Exceptions/Handler.php:53
Stack trace:
#0 /var/www/sandbox_invest/vendor/laravel/framework/src/Illuminate/Foundation/Bootstrap/HandleExceptions.php(119): App\Exceptions\Handler->render(Object(Illuminate\Http\Request), Object(Symfony\Component\ErrorHandler\Error\FatalError))
#1 /var/www/sandbox_invest/vendor/laravel/framework/src/Illuminate/Foundation/Bootstrap/HandleExceptions.php(96): Illuminate\Foundation\Bootstrap\HandleExceptions->renderHttpResponse(Object(Symfony\Component\ErrorHandler\Error\FatalError))
#2 /var/www/sandbox_invest/vendor/laravel/framework/src/Illuminate/Foundation/Bootstrap/HandleExceptions.php(130): Illuminate\Foundation\Bootstrap\HandleExceptions->handleException(Object(Symfony\Component\ErrorHandler\Error\FatalError))
#3 [internal function]: Illuminate\Foundation\Bootstrap\HandleExceptions->handleShutdown()
#4 {main}
  thrown in /var/www/sandbox_invest/app/Exceptions/Handler.php on line 53
[24-May-2021 03:54:21 UTC] PHP Fatal error:  Uncaught Error: Call to undefined method Error::getMessages() in /var/www/sandbox_invest/app/Exceptions/Handler.php:53
Stack trace:
#0 /var/www/sandbox_invest/vendor/laravel/framework/src/Illuminate/Foundation/Bootstrap/HandleExceptions.php(119): App\Exceptions\Handler->render(Object(Illuminate\Http\Request), Object(Error))
#1 /var/www/sandbox_invest/vendor/laravel/framework/src/Illuminate/Foundation/Bootstrap/HandleExceptions.php(96): Illuminate\Foundation\Bootstrap\HandleExceptions->renderHttpResponse(Object(Error))
#2 [internal function]: Illuminate\Foundation\Bootstrap\HandleExceptions->handleException(Object(Error))
#3 {main}
  thrown in /var/www/sandbox_invest/app/Exceptions/Handler.php on line 53
[24-May-2021 03:54:21 UTC] PHP Fatal error:  Uncaught Error: Call to undefined method Symfony\Component\ErrorHandler\Error\FatalError::getMessages() in /var/www/sandbox_invest/app/Exceptions/Handler.php:53
Stack trace:
#0 /var/www/sandbox_invest/vendor/laravel/framework/src/Illuminate/Foundation/Bootstrap/HandleExceptions.php(119): App\Exceptions\Handler->render(Object(Illuminate\Http\Request), Object(Symfony\Component\ErrorHandler\Error\FatalError))
#1 /var/www/sandbox_invest/vendor/laravel/framework/src/Illuminate/Foundation/Bootstrap/HandleExceptions.php(96): Illuminate\Foundation\Bootstrap\HandleExceptions->renderHttpResponse(Object(Symfony\Component\ErrorHandler\Error\FatalError))
#2 /var/www/sandbox_invest/vendor/laravel/framework/src/Illuminate/Foundation/Bootstrap/HandleExceptions.php(130): Illuminate\Foundation\Bootstrap\HandleExceptions->handleException(Object(Symfony\Component\ErrorHandler\Error\FatalError))
#3 [internal function]: Illuminate\Foundation\Bootstrap\HandleExceptions->handleShutdown()
#4 {main}
  thrown in /var/www/sandbox_invest/app/Exceptions/Handler.php on line 53
[24-May-2021 03:54:26 UTC] PHP Fatal error:  Uncaught ErrorException: Undefined property: ErrorException::$getMessages in /var/www/sandbox_invest/app/Exceptions/Handler.php:53
Stack trace:
#0 /var/www/sandbox_invest/app/Exceptions/Handler.php(53): Illuminate\Foundation\Bootstrap\HandleExceptions->handleError(8, 'Undefined prope...', '/var/www/sandbo...', 53, Array)
#1 /var/www/sandbox_invest/vendor/laravel/framework/src/Illuminate/Foundation/Bootstrap/HandleExceptions.php(119): App\Exceptions\Handler->render(Object(Illuminate\Http\Request), Object(ErrorException))
#2 /var/www/sandbox_invest/vendor/laravel/framework/src/Illuminate/Foundation/Bootstrap/HandleExceptions.php(96): Illuminate\Foundation\Bootstrap\HandleExceptions->renderHttpResponse(Object(ErrorException))
#3 [internal function]: Illuminate\Foundation\Bootstrap\HandleExceptions->handleException(Object(ErrorException))
#4 {main}
  thrown in /var/www/sandbox_invest/app/Exceptions/Handler.php on line 53
[24-May-2021 03:54:26 UTC] PHP Fatal error:  Uncaught ErrorException: Undefined property: Symfony\Component\ErrorHandler\Error\FatalError::$getMessages in /var/www/sandbox_invest/app/Exceptions/Handler.php:53
Stack trace:
#0 /var/www/sandbox_invest/app/Exceptions/Handler.php(53): Illuminate\Foundation\Bootstrap\HandleExceptions->handleError(8, 'Undefined prope...', '/var/www/sandbo...', 53, Array)
#1 /var/www/sandbox_invest/vendor/laravel/framework/src/Illuminate/Foundation/Bootstrap/HandleExceptions.php(119): App\Exceptions\Handler->render(Object(Illuminate\Http\Request), Object(Symfony\Component\ErrorHandler\Error\FatalError))
#2 /var/www/sandbox_invest/vendor/laravel/framework/src/Illuminate/Foundation/Bootstrap/HandleExceptions.php(96): Illuminate\Foundation\Bootstrap\HandleExceptions->renderHttpResponse(Object(Symfony\Component\ErrorHandler\Error\FatalError))
#3 /var/www/sandbox_invest/vendor/laravel/framework/src/Illuminate/Foundation/Bootstrap/HandleExceptions.php(130): Illuminate\Foundation\Bootstrap\HandleExceptions->handleException(Object(Symf in /var/www/sandbox_invest/app/Exceptions/Handler.php on line 53
[24-May-2021 03:54:30 UTC] PHP Fatal error:  Uncaught ErrorException: Undefined property: ErrorException::$getMessage in /var/www/sandbox_invest/app/Exceptions/Handler.php:53
Stack trace:
#0 /var/www/sandbox_invest/app/Exceptions/Handler.php(53): Illuminate\Foundation\Bootstrap\HandleExceptions->handleError(8, 'Undefined prope...', '/var/www/sandbo...', 53, Array)
#1 /var/www/sandbox_invest/vendor/laravel/framework/src/Illuminate/Foundation/Bootstrap/HandleExceptions.php(119): App\Exceptions\Handler->render(Object(Illuminate\Http\Request), Object(ErrorException))
#2 /var/www/sandbox_invest/vendor/laravel/framework/src/Illuminate/Foundation/Bootstrap/HandleExceptions.php(96): Illuminate\Foundation\Bootstrap\HandleExceptions->renderHttpResponse(Object(ErrorException))
#3 [internal function]: Illuminate\Foundation\Bootstrap\HandleExceptions->handleException(Object(ErrorException))
#4 {main}
  thrown in /var/www/sandbox_invest/app/Exceptions/Handler.php on line 53
[24-May-2021 03:54:30 UTC] PHP Fatal error:  Uncaught ErrorException: Undefined property: Symfony\Component\ErrorHandler\Error\FatalError::$getMessage in /var/www/sandbox_invest/app/Exceptions/Handler.php:53
Stack trace:
#0 /var/www/sandbox_invest/app/Exceptions/Handler.php(53): Illuminate\Foundation\Bootstrap\HandleExceptions->handleError(8, 'Undefined prope...', '/var/www/sandbo...', 53, Array)
#1 /var/www/sandbox_invest/vendor/laravel/framework/src/Illuminate/Foundation/Bootstrap/HandleExceptions.php(119): App\Exceptions\Handler->render(Object(Illuminate\Http\Request), Object(Symfony\Component\ErrorHandler\Error\FatalError))
#2 /var/www/sandbox_invest/vendor/laravel/framework/src/Illuminate/Foundation/Bootstrap/HandleExceptions.php(96): Illuminate\Foundation\Bootstrap\HandleExceptions->renderHttpResponse(Object(Symfony\Component\ErrorHandler\Error\FatalError))
#3 /var/www/sandbox_invest/vendor/laravel/framework/src/Illuminate/Foundation/Bootstrap/HandleExceptions.php(130): Illuminate\Foundation\Bootstrap\HandleExceptions->handleException(Object(Symfo in /var/www/sandbox_invest/app/Exceptions/Handler.php on line 53
[24-May-2021 03:57:43 UTC] PHP Fatal error:  Uncaught Error: Call to a member function send() on string in /var/www/sandbox_invest/vendor/laravel/framework/src/Illuminate/Foundation/Bootstrap/HandleExceptions.php:119
Stack trace:
#0 /var/www/sandbox_invest/vendor/laravel/framework/src/Illuminate/Foundation/Bootstrap/HandleExceptions.php(96): Illuminate\Foundation\Bootstrap\HandleExceptions->renderHttpResponse(Object(Error))
#1 [internal function]: Illuminate\Foundation\Bootstrap\HandleExceptions->handleException(Object(Error))
#2 {main}
  thrown in /var/www/sandbox_invest/vendor/laravel/framework/src/Illuminate/Foundation/Bootstrap/HandleExceptions.php on line 119
[24-May-2021 03:57:43 UTC] PHP Fatal error:  Uncaught Error: Call to a member function send() on string in /var/www/sandbox_invest/vendor/laravel/framework/src/Illuminate/Foundation/Bootstrap/HandleExceptions.php:119
Stack trace:
#0 /var/www/sandbox_invest/vendor/laravel/framework/src/Illuminate/Foundation/Bootstrap/HandleExceptions.php(96): Illuminate\Foundation\Bootstrap\HandleExceptions->renderHttpResponse(Object(Symfony\Component\ErrorHandler\Error\FatalError))
#1 /var/www/sandbox_invest/vendor/laravel/framework/src/Illuminate/Foundation/Bootstrap/HandleExceptions.php(130): Illuminate\Foundation\Bootstrap\HandleExceptions->handleException(Object(Symfony\Component\ErrorHandler\Error\FatalError))
#2 [internal function]: Illuminate\Foundation\Bootstrap\HandleExceptions->handleShutdown()
#3 {main}
  thrown in /var/www/sandbox_invest/vendor/laravel/framework/src/Illuminate/Foundation/Bootstrap/HandleExceptions.php on line 119
[24-May-2021 03:59:59 UTC] PHP Fatal error:  Uncaught Error: Call to undefined method Error::getStatus() in /var/www/sandbox_invest/app/Exceptions/Handler.php:53
Stack trace:
#0 /var/www/sandbox_invest/vendor/laravel/framework/src/Illuminate/Foundation/Bootstrap/HandleExceptions.php(119): App\Exceptions\Handler->render(Object(Illuminate\Http\Request), Object(Error))
#1 /var/www/sandbox_invest/vendor/laravel/framework/src/Illuminate/Foundation/Bootstrap/HandleExceptions.php(96): Illuminate\Foundation\Bootstrap\HandleExceptions->renderHttpResponse(Object(Error))
#2 [internal function]: Illuminate\Foundation\Bootstrap\HandleExceptions->handleException(Object(Error))
#3 {main}
  thrown in /var/www/sandbox_invest/app/Exceptions/Handler.php on line 53
[24-May-2021 03:59:59 UTC] PHP Fatal error:  Uncaught Error: Call to undefined method Symfony\Component\ErrorHandler\Error\FatalError::getStatus() in /var/www/sandbox_invest/app/Exceptions/Handler.php:53
Stack trace:
#0 /var/www/sandbox_invest/vendor/laravel/framework/src/Illuminate/Foundation/Bootstrap/HandleExceptions.php(119): App\Exceptions\Handler->render(Object(Illuminate\Http\Request), Object(Symfony\Component\ErrorHandler\Error\FatalError))
#1 /var/www/sandbox_invest/vendor/laravel/framework/src/Illuminate/Foundation/Bootstrap/HandleExceptions.php(96): Illuminate\Foundation\Bootstrap\HandleExceptions->renderHttpResponse(Object(Symfony\Component\ErrorHandler\Error\FatalError))
#2 /var/www/sandbox_invest/vendor/laravel/framework/src/Illuminate/Foundation/Bootstrap/HandleExceptions.php(130): Illuminate\Foundation\Bootstrap\HandleExceptions->handleException(Object(Symfony\Component\ErrorHandler\Error\FatalError))
#3 [internal function]: Illuminate\Foundation\Bootstrap\HandleExceptions->handleShutdown()
#4 {main}
  thrown in /var/www/sandbox_invest/app/Exceptions/Handler.php on line 53
[24-May-2021 04:00:12 UTC] PHP Fatal error:  Uncaught Error: Call to undefined method Error::getStatus() in /var/www/sandbox_invest/app/Exceptions/Handler.php:53
Stack trace:
#0 /var/www/sandbox_invest/vendor/laravel/framework/src/Illuminate/Foundation/Bootstrap/HandleExceptions.php(119): App\Exceptions\Handler->render(Object(Illuminate\Http\Request), Object(Error))
#1 /var/www/sandbox_invest/vendor/laravel/framework/src/Illuminate/Foundation/Bootstrap/HandleExceptions.php(96): Illuminate\Foundation\Bootstrap\HandleExceptions->renderHttpResponse(Object(Error))
#2 [internal function]: Illuminate\Foundation\Bootstrap\HandleExceptions->handleException(Object(Error))
#3 {main}
  thrown in /var/www/sandbox_invest/app/Exceptions/Handler.php on line 53
[24-May-2021 04:00:12 UTC] PHP Fatal error:  Uncaught Error: Call to undefined method Symfony\Component\ErrorHandler\Error\FatalError::getStatus() in /var/www/sandbox_invest/app/Exceptions/Handler.php:53
Stack trace:
#0 /var/www/sandbox_invest/vendor/laravel/framework/src/Illuminate/Foundation/Bootstrap/HandleExceptions.php(119): App\Exceptions\Handler->render(Object(Illuminate\Http\Request), Object(Symfony\Component\ErrorHandler\Error\FatalError))
#1 /var/www/sandbox_invest/vendor/laravel/framework/src/Illuminate/Foundation/Bootstrap/HandleExceptions.php(96): Illuminate\Foundation\Bootstrap\HandleExceptions->renderHttpResponse(Object(Symfony\Component\ErrorHandler\Error\FatalError))
#2 /var/www/sandbox_invest/vendor/laravel/framework/src/Illuminate/Foundation/Bootstrap/HandleExceptions.php(130): Illuminate\Foundation\Bootstrap\HandleExceptions->handleException(Object(Symfony\Component\ErrorHandler\Error\FatalError))
#3 [internal function]: Illuminate\Foundation\Bootstrap\HandleExceptions->handleShutdown()
#4 {main}
  thrown in /var/www/sandbox_invest/app/Exceptions/Handler.php on line 53
[24-May-2021 10:11:41 UTC] PHP Fatal error:  Cannot declare class App\Http\Controllers\Controller\Authenticate, because the name is already in use in /var/www/sandbox_invest/app/Http/Middleware/Authenticate.php on line 9
[25-May-2021 03:36:28 UTC] PHP Fatal error:  Cannot declare class App\Models\Model because the name is already in use in /var/www/sandbox_invest/app/Models/Model.php on line 8
[25-May-2021 07:37:57 UTC] PHP Fatal error:  Class App\Console\Commands\GenerateRepository contains 1 abstract method and must therefore be declared abstract or implement the remaining methods (Illuminate\Console\GeneratorCommand::getStub) in /var/www/sandbox_invest/app/Console/Commands/GenerateRepository.php on line 7
[25-May-2021 08:31:48 UTC] PHP Fatal error:  Redefinition of parameter $user in /var/www/sandbox_invest/app/Http/Controllers/RoleController.php on line 15
[25-May-2021 08:32:20 UTC] PHP Fatal error:  Cannot redeclare App\Http\Controllers\RoleController::addUser() in /var/www/sandbox_invest/app/Http/Controllers/RoleController.php on line 90
[26-May-2021 09:06:21 UTC] PHP Fatal error:  Declaration of App\Repository\UserRepository::checkLoginUser($email, $token_web) must be compatible with App\Repository\UserRepositoryInterface::checkLoginUser($email, $phone, $token_web) in /var/www/sandbox_invest/app/Repository/UserRepository.php on line 4
[26-May-2021 09:08:22 UTC] PHP Fatal error:  Class App\Repository\UserRepository contains 1 abstract method and must therefore be declared abstract or implement the remaining methods (App\Repository\UserRepositoryInterface::findOneByEmail) in /var/www/sandbox_invest/app/Repository/UserRepository.php on line 4
[27-May-2021 15:24:44 Asia/Ho_Chi_Minh] PHP Warning:  Uncaught ErrorException: require(/var/www/frontend_invest/vendor/composer/../../app/Helper/helper.php): failed to open stream: No such file or directory in /var/www/frontend_invest/vendor/composer/autoload_real.php:71
Stack trace:
#0 /var/www/frontend_invest/vendor/composer/autoload_real.php(71): Composer\Util\ErrorHandler::handle(2, 'require(/var/ww...', '/var/www/fronte...', 71, Array)
#1 /var/www/frontend_invest/vendor/composer/autoload_real.php(71): require()
#2 /var/www/frontend_invest/vendor/composer/autoload_real.php(61): composerRequire4238824c599ca5ca913a645deb777edd('577e8babc5e897d...', '/var/www/fronte...')
#3 /var/www/frontend_invest/vendor/autoload.php(7): ComposerAutoloaderInit4238824c599ca5ca913a645deb777edd::getLoader()
#4 /var/www/frontend_invest/vendor/laravel/framework/src/Illuminate/Foundation/ComposerScripts.php(43): require_once('/var/www/fronte...')
#5 phar:///usr/local/bin/composer/src/Composer/EventDispatcher/EventDispatcher.php(351): Illuminate\Foundation\ComposerScripts::postAutolo in /var/www/frontend_invest/vendor/composer/autoload_real.php on line 71
[27-May-2021 15:24:44 Asia/Ho_Chi_Minh] PHP Fatal error:  composerRequire4238824c599ca5ca913a645deb777edd(): Failed opening required '/var/www/frontend_invest/vendor/composer/../../app/Helper/helper.php' (include_path='.:/usr/local/lib/php') in /var/www/frontend_invest/vendor/composer/autoload_real.php on line 71
[28-May-2021 07:54:08 UTC] PHP Fatal error:  Declaration of App\Repository\UserRepository::getListTypeNhanVien($filter) must be compatible with App\Repository\UserRepositoryInterface::getListTypeNhanVien() in /var/www/sandbox_invest/app/Repository/UserRepository.php on line 6
[28-May-2021 07:54:09 UTC] PHP Fatal error:  Declaration of App\Repository\UserRepository::getListTypeNhanVien($filter) must be compatible with App\Repository\UserRepositoryInterface::getListTypeNhanVien() in /var/www/sandbox_invest/app/Repository/UserRepository.php on line 6
[28-May-2021 07:54:16 UTC] PHP Fatal error:  Declaration of App\Repository\UserRepository::getListTypeNhanVien($filter) must be compatible with App\Repository\UserRepositoryInterface::getListTypeNhanVien() in /var/www/sandbox_invest/app/Repository/UserRepository.php on line 6
[28-May-2021 09:19:18 UTC] PHP Fatal error:  Declaration of App\Repository\RoleRepository::getListPaginate($filter) must be compatible with App\Repository\RoleRepositoryInterface::getListPaginate() in /var/www/sandbox_invest/app/Repository/RoleRepository.php on line 4
[28-May-2021 09:19:36 UTC] PHP Fatal error:  Declaration of App\Repository\RoleRepository::getListPaginate($filter) must be compatible with App\Repository\RoleRepositoryInterface::getListPaginate() in /var/www/sandbox_invest/app/Repository/RoleRepository.php on line 4
[01-Jun-2021 16:23:08 Asia/Ho_Chi_Minh] PHP Warning:  require(/var/www/frontend_invest/vendor/composer/../../app/Helper/helper.php): failed to open stream: No such file or directory in /var/www/frontend_invest/vendor/composer/autoload_real.php on line 71
[01-Jun-2021 16:23:08 Asia/Ho_Chi_Minh] PHP Fatal error:  require(): Failed opening required '/var/www/frontend_invest/vendor/composer/../../app/Helper/helper.php' (include_path='.:/usr/local/lib/php') in /var/www/frontend_invest/vendor/composer/autoload_real.php on line 71
[01-Jun-2021 16:24:07 Asia/Ho_Chi_Minh] PHP Warning:  require(/var/www/frontend_invest/vendor/composer/../../app/Helper/helper.php): failed to open stream: No such file or directory in /var/www/frontend_invest/vendor/composer/autoload_real.php on line 71
[01-Jun-2021 16:24:07 Asia/Ho_Chi_Minh] PHP Fatal error:  require(): Failed opening required '/var/www/frontend_invest/vendor/composer/../../app/Helper/helper.php' (include_path='.:/usr/local/lib/php') in /var/www/frontend_invest/vendor/composer/autoload_real.php on line 71
[01-Jun-2021 16:24:07 Asia/Ho_Chi_Minh] PHP Warning:  require(/var/www/frontend_invest/vendor/composer/../../app/Helper/helper.php): failed to open stream: No such file or directory in /var/www/frontend_invest/vendor/composer/autoload_real.php on line 71
[01-Jun-2021 16:24:07 Asia/Ho_Chi_Minh] PHP Fatal error:  require(): Failed opening required '/var/www/frontend_invest/vendor/composer/../../app/Helper/helper.php' (include_path='.:/usr/local/lib/php') in /var/www/frontend_invest/vendor/composer/autoload_real.php on line 71
[01-Jun-2021 16:24:10 Asia/Ho_Chi_Minh] PHP Warning:  require(/var/www/frontend_invest/vendor/composer/../../app/Helper/helper.php): failed to open stream: No such file or directory in /var/www/frontend_invest/vendor/composer/autoload_real.php on line 71
[01-Jun-2021 16:24:10 Asia/Ho_Chi_Minh] PHP Fatal error:  require(): Failed opening required '/var/www/frontend_invest/vendor/composer/../../app/Helper/helper.php' (include_path='.:/usr/local/lib/php') in /var/www/frontend_invest/vendor/composer/autoload_real.php on line 71
[01-Jun-2021 16:24:13 Asia/Ho_Chi_Minh] PHP Warning:  require(/var/www/frontend_invest/vendor/composer/../../app/Helper/helper.php): failed to open stream: No such file or directory in /var/www/frontend_invest/vendor/composer/autoload_real.php on line 71
[01-Jun-2021 16:24:13 Asia/Ho_Chi_Minh] PHP Fatal error:  require(): Failed opening required '/var/www/frontend_invest/vendor/composer/../../app/Helper/helper.php' (include_path='.:/usr/local/lib/php') in /var/www/frontend_invest/vendor/composer/autoload_real.php on line 71
[01-Jun-2021 16:24:34 Asia/Ho_Chi_Minh] PHP Warning:  require(/var/www/frontend_invest/vendor/composer/../../app/Helper/helper.php): failed to open stream: No such file or directory in /var/www/frontend_invest/vendor/composer/autoload_real.php on line 71
[01-Jun-2021 16:24:34 Asia/Ho_Chi_Minh] PHP Fatal error:  require(): Failed opening required '/var/www/frontend_invest/vendor/composer/../../app/Helper/helper.php' (include_path='.:/usr/local/lib/php') in /var/www/frontend_invest/vendor/composer/autoload_real.php on line 71
